  Лабораторная работа №6.cpp
C:\Users\comp1\Рабочий стол\Ученье-свет\Основы программирования\Лабораторная работа №6\Лабораторная работа №6\Лабораторная работа №6\Лабораторная работа №6.cpp(253,20): warning C4244: аргумент: преобразование "int" в "float", возможна потеря данных
C:\Users\comp1\Рабочий стол\Ученье-свет\Основы программирования\Лабораторная работа №6\Лабораторная работа №6\Лабораторная работа №6\Лабораторная работа №6.cpp(258,20): warning C4244: аргумент: преобразование "int" в "float", возможна потеря данных
C:\Users\comp1\Рабочий стол\Ученье-свет\Основы программирования\Лабораторная работа №6\Лабораторная работа №6\Лабораторная работа №6\Лабораторная работа №6.cpp(214,16): warning C4244: аргумент: преобразование "type" в "float", возможна потеря данных
          with
          [
              type=int
          ]
C:\Users\comp1\Рабочий стол\Ученье-свет\Основы программирования\Лабораторная работа №6\Лабораторная работа №6\Лабораторная работа №6\Лабораторная работа №6.cpp(209,1): message : во время компиляции функции-члена класс шаблон "void List<int>::merge(const List<int> &)"
C:\Users\comp1\Рабочий стол\Ученье-свет\Основы программирования\Лабораторная работа №6\Лабораторная работа №6\Лабораторная работа №6\Лабораторная работа №6.cpp(264,12): message : выполняется компиляция ссылки на экземпляр шаблон функции "void List<int>::merge(const List<int> &)"
C:\Users\comp1\Рабочий стол\Ученье-свет\Основы программирования\Лабораторная работа №6\Лабораторная работа №6\Лабораторная работа №6\Лабораторная работа №6.cpp(241,12): message : выполняется компиляция ссылки на экземпляр класс шаблон функции "List<int>"
C:\Users\comp1\Рабочий стол\Ученье-свет\Основы программирования\Лабораторная работа №6\Лабораторная работа №6\Лабораторная работа №6\Лабораторная работа №6.cpp(74,15): warning C4244: =: преобразование "float" в "type", возможна потеря данных
          with
          [
              type=int
          ]
C:\Users\comp1\Рабочий стол\Ученье-свет\Основы программирования\Лабораторная работа №6\Лабораторная работа №6\Лабораторная работа №6\Лабораторная работа №6.cpp(64,1): message : во время компиляции функции-члена класс шаблон "void List<int>::addNodeEnd(float)"
C:\Users\comp1\Рабочий стол\Ученье-свет\Основы программирования\Лабораторная работа №6\Лабораторная работа №6\Лабораторная работа №6\Лабораторная работа №6.cpp(253,19): message : выполняется компиляция ссылки на экземпляр шаблон функции "void List<int>::addNodeEnd(float)"
C:\Users\comp1\Рабочий стол\Ученье-свет\Основы программирования\Лабораторная работа №6\Лабораторная работа №6\Лабораторная работа №6\Лабораторная работа №6.cpp(58,15): warning C4244: =: преобразование "float" в "type", возможна потеря данных
          with
          [
              type=int
          ]
C:\Users\comp1\Рабочий стол\Ученье-свет\Основы программирования\Лабораторная работа №6\Лабораторная работа №6\Лабораторная работа №6\Лабораторная работа №6.cpp(55,1): message : во время компиляции функции-члена класс шаблон "void List<int>::addNodeTop(float)"
C:\Users\comp1\Рабочий стол\Ученье-свет\Основы программирования\Лабораторная работа №6\Лабораторная работа №6\Лабораторная работа №6\Лабораторная работа №6.cpp(67,14): message : выполняется компиляция ссылки на экземпляр шаблон функции "void List<int>::addNodeTop(float)"
  Лабораторная работа №6.vcxproj -> C:\Users\comp1\Рабочий стол\Ученье-свет\Основы программирования\Лабораторная работа №6\Лабораторная работа №6\x64\Debug\Лабораторная работа №6.exe
